<?xml version="1.0" encoding="UTF-8"?>
<!-- Generated by org.testng.reporters.JUnitReportReporter -->
<testsuite hostname="LAPTOP-109JQQEO" failures="0" tests="1" name="MyTest" time="4.216" errors="0" timestamp="12 Dec 2021 07:48:54 GMT">
  <testcase classname="MyTest" name="testEasy" time="4.216"/>
</testsuite> <!-- MyTest -->
